[  0%] Built target std_msgs_generate_messages_eus
[ 11%] [32mBuilding CXX object CMakeFiles/winch_torque_plugin.dir/src/winch_torque_plugin.cc.o[0m
[ 11%] Built target _winch_torque_plugin_generate_messages_check_deps_MotorState
[ 11%] Built target std_msgs_generate_messages_py
[ 11%] Built target std_msgs_generate_messages_nodejs
[ 11%] Built target std_msgs_generate_messages_lisp
[ 11%] Built target std_msgs_generate_messages_cpp
[ 33%] Built target winch_torque_plugin_generate_messages_eus
[ 55%] Built target winch_torque_plugin_generate_messages_py
[ 66%] Built target winch_torque_plugin_generate_messages_nodejs
[ 77%] Built target winch_torque_plugin_generate_messages_lisp
[ 88%] Built target winch_torque_plugin_generate_messages_cpp
[ 88%] Built target winch_torque_plugin_generate_messages
[01m[K/home/rr/dev/RR-RobotSim/src/winch_torque_plugin/src/winch_torque_plugin.cc:11:10:[m[K [01;31m[Kfatal error: [m[Krr_msgs/MotorState.h: No such file or directory
   11 | #include [01;31m[K<rr_msgs/MotorState.h>[m[K
      |          [01;31m[K^~~~~~~~~~~~~~~~~~~~~~[m[K
compilation terminated.
make[2]: *** [CMakeFiles/winch_torque_plugin.dir/build.make:63: CMakeFiles/winch_torque_plugin.dir/src/winch_torque_plugin.cc.o] Error 1
make[1]: *** [CMakeFiles/Makefile2:242: CMakeFiles/winch_torque_plugin.dir/all] Error 2
make: *** [Makefile:141: all] Error 2
